<?xml version="1.0" encoding="UTF-8"?>
<!-- Generated by org.testng.reporters.JUnitXMLReporter -->
<testsuite ignored="0" hostname="MSI" failures="4" tests="4" name="Test Demo" time="4.064" errors="0" timestamp="2023-08-11T14:26:25 ICT">
  <testcase classname="tests.LoginTests" name="Test2" time="0.009">
    <failure type="java.lang.NullPointerException" message="Cannot invoke &amp;quot;PageObject.VideosPage.OpenPage()&amp;quot; because &amp;quot;this.videosPage&amp;quot; is null">
      <![CDATA[java.lang.NullPointerException: Cannot invoke "PageObject.VideosPage.OpenPage()" because "this.videosPage" is null
at tests.LoginTests.Test2(LoginTests.java:42)
at java.base/java.util.concurrent.ThreadPoolExecutor.runWorker(ThreadPoolExecutor.java:1144)
at java.base/java.util.concurrent.ThreadPoolExecutor$Worker.run(ThreadPoolExecutor.java:642)
at java.base/java.lang.Thread.run(Thread.java:1589)
... Removed 10 stack frames]]>
    </failure>
  </testcase> <!-- Test2 -->
  <testcase classname="tests.LoginTests" name="VerifyErrorMessageIfLoginWithInvalidCreds" time="0.009">
    <failure type="java.lang.NullPointerException" message="Cannot invoke &amp;quot;PageObject.HomePage.ClickOnVideoTutorial()&amp;quot; because &amp;quot;this.homePage&amp;quot; is null">
      <![CDATA[java.lang.NullPointerException: Cannot invoke "PageObject.HomePage.ClickOnVideoTutorial()" because "this.homePage" is null
at tests.LoginTests.VerifyErrorMessageIfLoginWithInvalidCreds(LoginTests.java:25)
at java.base/java.util.concurrent.ThreadPoolExecutor.runWorker(ThreadPoolExecutor.java:1144)
at java.base/java.util.concurrent.ThreadPoolExecutor$Worker.run(ThreadPoolExecutor.java:642)
at java.base/java.lang.Thread.run(Thread.java:1589)
... Removed 10 stack frames]]>
    </failure>
  </testcase> <!-- VerifyErrorMessageIfLoginWithInvalidCreds -->
  <testcase classname="tests.HTMLTests" name="VerifyThatCanClickOnHomeButton_2" time="4.028">
    <failure type="java.lang.IllegalArgumentException" message="Input must be set">
      <![CDATA[java.lang.IllegalArgumentException: Input must be set
at org.openqa.selenium.internal.Require.nonNull(Require.java:60)
at org.openqa.selenium.support.ui.FluentWait.<init>(FluentWait.java:94)
at org.openqa.selenium.support.ui.WebDriverWait.<init>(WebDriverWait.java:74)
at org.openqa.selenium.support.ui.WebDriverWait.<init>(WebDriverWait.java:43)
at core.BasePage.<init>(BasePage.java:20)
at PageObject.HTMLPage.<init>(HTMLPage.java:21)
at tests.HTMLTests.VerifyThatCanClickOnHomeButton_2(HTMLTests.java:50)
at java.base/java.util.concurrent.ThreadPoolExecutor.runWorker(ThreadPoolExecutor.java:1144)
at java.base/java.util.concurrent.ThreadPoolExecutor$Worker.run(ThreadPoolExecutor.java:642)
at java.base/java.lang.Thread.run(Thread.java:1589)
... Removed 10 stack frames]]>
    </failure>
  </testcase> <!-- VerifyThatCanClickOnHomeButton_2 -->
  <testcase classname="tests.HTMLTests" name="VerifyThatCanClickOnHomeButton" time="4.028">
    <failure type="java.lang.IllegalArgumentException" message="Input must be set">
      <![CDATA[java.lang.IllegalArgumentException: Input must be set
at org.openqa.selenium.internal.Require.nonNull(Require.java:60)
at org.openqa.selenium.support.ui.FluentWait.<init>(FluentWait.java:94)
at org.openqa.selenium.support.ui.WebDriverWait.<init>(WebDriverWait.java:74)
at org.openqa.selenium.support.ui.WebDriverWait.<init>(WebDriverWait.java:43)
at core.BasePage.<init>(BasePage.java:20)
at PageObject.HTMLPage.<init>(HTMLPage.java:21)
at tests.HTMLTests.VerifyThatCanClickOnHomeButton(HTMLTests.java:25)
at java.base/java.util.concurrent.ThreadPoolExecutor.runWorker(ThreadPoolExecutor.java:1144)
at java.base/java.util.concurrent.ThreadPoolExecutor$Worker.run(ThreadPoolExecutor.java:642)
at java.base/java.lang.Thread.run(Thread.java:1589)
... Removed 10 stack frames]]>
    </failure>
  </testcase> <!-- VerifyThatCanClickOnHomeButton -->
</testsuite> <!-- Test Demo -->
